<?xml version="1.0" encoding="UTF-8" ?>
<testsuite tests="4" failures="1" name="TestSuite" time="17.012" errors="0" skipped="0">
  <properties>
[...]
</properties>
  <testcase classname="tests.CatFactsApiTest" name="testRandomCatFact" time="2.45"/>
  <testcase classname="tests.DynamicLoadingTest" name="testDynamicLoading" time="7.808"/>
  <testcase classname="tests.FileUploadTest" name="testFileUpload" time="4.768"/>
  <testcase classname="tests.GoogleSearchTest" name="testGoogleSearch" time="1.986">
    <failure message="The result does not contain the expected text. expected [true] but found [false]" type="java.lang.AssertionError">java.lang.AssertionError: The result does not contain the expected text. expected [true] but found [false]
	at org.testng.Assert.fail(Assert.java:110)
	at org.testng.Assert.failNotEquals(Assert.java:1413)
	at org.testng.Assert.assertTrue(Assert.java:56)
	at tests.GoogleSearchTest.testGoogleSearch(GoogleSearchTest.java:17)
</failure>
  </testcase>
</testsuite>